C51 COMPILER V9.59.0.0   KEY                                                               04/22/2022 16:08:55 PAGE 1   


C51 COMPILER V9.59.0.0, COMPILATION OF MODULE KEY
OBJECT MODULE PLACED IN .\out\key.obj
COMPILER INVOKED BY: C:\Keil_v5\C51\BIN\C51.EXE src\key.c OPTIMIZE(8,SPEED) BROWSE INCDIR(.\inc) DEBUG OBJECTEXTEND CODE
                    - PRINT(.\lst\key.lst) TABS(2) OBJECT(.\out\key.obj)

line level    source

   1          #include  "MC96FD316.h"
   2          #include  "func_def.h"
   3          #include   "types.h"
   4          #include   "drv_key.h"
   5          
   6          
   7          
   8          void drv_key(void){
   9   1        
  10   1        
  11   1        
  12   1        
  13   1        
  14   1        
  15   1        
  16   1        
  17   1        
  18   1        
  19   1        
  20   1        
  21   1        
  22   1      }
C51 COMPILER V9.59.0.0   KEY                                                               04/22/2022 16:08:55 PAGE 2   

ASSEMBLY LISTING OF GENERATED OBJECT CODE


             ; FUNCTION drv_key (BEGIN)
                                           ; SOURCE LINE # 8
                                           ; SOURCE LINE # 22
0000 22                RET     
             ; FUNCTION drv_key (END)



MODULE INFORMATION:   STATIC OVERLAYABLE
   CODE SIZE        =      1    ----
   CONSTANT SIZE    =   ----    ----
   XDATA SIZE       =   ----    ----
   PDATA SIZE       =   ----    ----
   DATA SIZE        =   ----    ----
   IDATA SIZE       =   ----    ----
   BIT SIZE         =   ----    ----
END OF MODULE INFORMATION.


C51 COMPILATION COMPLETE.  0 WARNING(S),  0 ERROR(S)
